Client805_2/build/outputs/logs/manifest-merger-debug-report.txt
-- Merging decision tree log ---
manifest
ADDED from src/main/AndroidManifest.xml:2:1-152:12
	package
		ADDED from src/main/AndroidManifest.xml:3:5-47
		INJECTED from src/main/AndroidManifest.xml
		INJECTED from src/main/AndroidManifest.xml
	android:versionName
		ADDED from src/main/AndroidManifest.xml:5:5-30
		INJECTED from src/main/AndroidManifest.xml
		INJECTED from src/main/AndroidManifest.xml
	android:versionCode
		ADDED from src/main/AndroidManifest.xml:4:5-28
		INJECTED from src/main/AndroidManifest.xml
		INJECTED from src/main/AndroidManifest.xml
	xmlns:android
		ADDED from src/main/AndroidManifest.xml:2:11-69
uses-sdk
ADDED from src/main/AndroidManifest.xml:8:5-10:41
MERGED from [com.github.chrisbanes:PhotoView:1.2.6] AndroidManifest.xml:8:5-10:41
MERGED from [com.android.support:appcompat-v7:19.1.0] AndroidManifest.xml:18:5-42
MERGED from [com.android.support:support-v4:23.3.0] AndroidManifest.xml:20:5-43
	android:targetSdkVersion
		ADDED from src/main/AndroidManifest.xml:10:9-38
		INJECTED from src/main/AndroidManifest.xml
		INJECTED from src/main/AndroidManifest.xml
	android:minSdkVersion
		ADDED from src/main/AndroidManifest.xml:9:9-35
		INJECTED from src/main/AndroidManifest.xml
		INJECTED from src/main/AndroidManifest.xml
uses-permission#android.permession.MOUNT_UNMOUNT_FILESYSTEMS
ADDED from src/main/AndroidManifest.xml:11:5-83
	android:name
		ADDED from src/main/AndroidManifest.xml:11:22-81
uses-permission#android.permission.ACCESS_NETWORK_STATE
ADDED from src/main/AndroidManifest.xml:12:2-76
	android:name
		ADDED from src/main/AndroidManifest.xml:12:19-73
uses-permission#android.permission.INTERNET
ADDED from src/main/AndroidManifest.xml:13:2-64
	android:name
		ADDED from src/main/AndroidManifest.xml:13:19-61
uses-permission#android.permission.WRITE_EXTERNAL_STORAGE
ADDED from src/main/AndroidManifest.xml:14:2-94
	android:name
		ADDED from src/main/AndroidManifest.xml:14:19-75
uses-permission#android.permission.READ_EXTERNAL_STORAGE
ADDED from src/main/AndroidManifest.xml:15:2-93
	android:name
		ADDED from src/main/AndroidManifest.xml:15:19-74
uses-permission#android.permission.RECEIVE_BOOT_COMPLETE
ADDED from src/main/AndroidManifest.xml:16:2-76
	android:name
		ADDED from src/main/AndroidManifest.xml:16:19-74
uses-permission#android.permission.WAKE_LOCK
ADDED from src/main/AndroidManifest.xml:17:2-65
	android:name
		ADDED from src/main/AndroidManifest.xml:17:19-62
uses-permission#android.permission.CAMERA
ADDED from src/main/AndroidManifest.xml:18:5-65
	android:name
		ADDED from src/main/AndroidManifest.xml:18:22-62
uses-permission#android.permission.RECORD_AUDIO
ADDED from src/main/AndroidManifest.xml:20:5-71
	android:name
		ADDED from src/main/AndroidManifest.xml:20:22-68
uses-permission#android.permission.SYSTEM_ALERT_WINDOW
ADDED from src/main/AndroidManifest.xml:21:5-78
	android:name
		ADDED from src/main/AndroidManifest.xml:21:22-75
application
ADDED from src/main/AndroidManifest.xml:24:5-150:19
MERGED from [com.android.support:appcompat-v7:19.1.0] AndroidManifest.xml:19:5-20
MERGED from [com.android.support:support-v4:23.3.0] AndroidManifest.xml:22:5-20
	android:label
		ADDED from src/main/AndroidManifest.xml:28:9-41
	android:allowBackup
		ADDED from src/main/AndroidManifest.xml:26:9-35
	android:icon
		ADDED from src/main/AndroidManifest.xml:27:9-46
	android:theme
		ADDED from src/main/AndroidManifest.xml:29:9-40
	android:name
		ADDED from src/main/AndroidManifest.xml:25:9-82
activity#com.example.navigationdrawertest.activity.LoginActivity
ADDED from src/main/AndroidManifest.xml:30:9-40:20
	android:screenOrientation
		ADDED from src/main/AndroidManifest.xml:34:13-50
	android:label
		ADDED from src/main/AndroidManifest.xml:32:13-45
	android:windowSoftInputMode
		ADDED from src/main/AndroidManifest.xml:33:13-69
	android:name
		ADDED from src/main/AndroidManifest.xml:31:13-51
intent-filter#android.intent.action.MAIN+android.intent.category.LAUNCHER
ADDED from src/main/AndroidManifest.xml:35:13-39:29
action#android.intent.action.MAIN
ADDED from src/main/AndroidManifest.xml:36:17-69
	android:name
		ADDED from src/main/AndroidManifest.xml:36:25-66
category#android.intent.category.LAUNCHER
ADDED from src/main/AndroidManifest.xml:38:17-77
	android:name
		ADDED from src/main/AndroidManifest.xml:38:27-74
activity#com.example.navigationdrawertest.MainActivity
ADDED from src/main/AndroidManifest.xml:42:9-46:20
	android:screenOrientation
		ADDED from src/main/AndroidManifest.xml:44:13-50
	android:theme
		ADDED from src/main/AndroidManifest.xml:45:13-45
	android:name
		ADDED from src/main/AndroidManifest.xml:43:13-73
activity#com.example.navigationdrawertest.activity.CheckActivity
ADDED from src/main/AndroidManifest.xml:48:9-53:20
	android:screenOrientation
		ADDED from src/main/AndroidManifest.xml:51:13-50
	android:windowSoftInputMode
		ADDED from src/main/AndroidManifest.xml:50:12-68
	android:name
		ADDED from src/main/AndroidManifest.xml:49:13-83
activity#com.example.navigationdrawertest.activity.ReadActivity
ADDED from src/main/AndroidManifest.xml:55:9-61:20
	android:screenOrientation
		ADDED from src/main/AndroidManifest.xml:58:13-50
	android:windowSoftInputMode
		ADDED from src/main/AndroidManifest.xml:57:13-69
	android:name
		ADDED from src/main/AndroidManifest.xml:56:13-82
activity#com.example.navigationdrawertest.activity.SignActivity
ADDED from src/main/AndroidManifest.xml:63:9-68:20
	android:screenOrientation
		ADDED from src/main/AndroidManifest.xml:66:13-50
	android:windowSoftInputMode
		ADDED from src/main/AndroidManifest.xml:65:13-69
	android:name
		ADDED from src/main/AndroidManifest.xml:64:13-82
activity#com.example.navigationdrawertest.camera.CameraAty
ADDED from src/main/AndroidManifest.xml:69:9-73:20
	android:screenOrientation
		ADDED from src/main/AndroidManifest.xml:72:13-49
	android:label
		ADDED from src/main/AndroidManifest.xml:71:13-45
	android:name
		ADDED from src/main/AndroidManifest.xml:70:13-77
activity#com.example.navigationdrawertest.camera.AlbumAty
ADDED from src/main/AndroidManifest.xml:74:9-78:20
	android:screenOrientation
		ADDED from src/main/AndroidManifest.xml:77:13-49
	android:label
		ADDED from src/main/AndroidManifest.xml:76:13-45
	android:name
		ADDED from src/main/AndroidManifest.xml:75:13-76
activity#com.example.navigationdrawertest.camera.AlbumItemAty
ADDED from src/main/AndroidManifest.xml:79:9-83:20
	android:screenOrientation
		ADDED from src/main/AndroidManifest.xml:82:13-49
	android:label
		ADDED from src/main/AndroidManifest.xml:81:13-45
	android:name
		ADDED from src/main/AndroidManifest.xml:80:13-80
activity#com.example.navigationdrawertest.activity.ImagePagerActivity
ADDED from src/main/AndroidManifest.xml:84:9-88:20
	android:screenOrientation
		ADDED from src/main/AndroidManifest.xml:87:13-49
	android:label
		ADDED from src/main/AndroidManifest.xml:86:13-45
	android:name
		ADDED from src/main/AndroidManifest.xml:85:13-88
activity#com.example.navigationdrawertest.activity.ImagePagerItemActivity
ADDED from src/main/AndroidManifest.xml:89:9-93:20
	android:screenOrientation
		ADDED from src/main/AndroidManifest.xml:92:13-49
	android:label
		ADDED from src/main/AndroidManifest.xml:91:13-45
	android:name
		ADDED from src/main/AndroidManifest.xml:90:13-92
activity#com.example.navigationdrawertest.activity.BitmapDialogActivity
ADDED from src/main/AndroidManifest.xml:94:9-99:20
	android:screenOrientation
		ADDED from src/main/AndroidManifest.xml:98:13-50
	android:label
		ADDED from src/main/AndroidManifest.xml:97:13-45
	android:theme
		ADDED from src/main/AndroidManifest.xml:96:13-56
	android:name
		ADDED from src/main/AndroidManifest.xml:95:13-90
activity#com.example.navigationdrawertest.activity.DocActivity
ADDED from src/main/AndroidManifest.xml:100:9-104:20
	android:screenOrientation
		ADDED from src/main/AndroidManifest.xml:103:13-50
	android:label
		ADDED from src/main/AndroidManifest.xml:102:13-48
	android:name
		ADDED from src/main/AndroidManifest.xml:101:13-81
activity#com.example.navigationdrawertest.activity.CheckActivity1
ADDED from src/main/AndroidManifest.xml:105:9-109:20
	android:screenOrientation
		ADDED from src/main/AndroidManifest.xml:108:13-50
	android:windowSoftInputMode
		ADDED from src/main/AndroidManifest.xml:107:13-69
	android:name
		ADDED from src/main/AndroidManifest.xml:106:13-84
activity#com.example.navigationdrawertest.activity.ReadActivity1
ADDED from src/main/AndroidManifest.xml:110:9-114:20
	android:screenOrientation
		ADDED from src/main/AndroidManifest.xml:113:13-50
	android:windowSoftInputMode
		ADDED from src/main/AndroidManifest.xml:112:13-69
	android:name
		ADDED from src/main/AndroidManifest.xml:111:13-83
activity#com.example.navigationdrawertest.activity.SignActivity1
ADDED from src/main/AndroidManifest.xml:115:9-119:20
	android:screenOrientation
		ADDED from src/main/AndroidManifest.xml:118:13-50
	android:windowSoftInputMode
		ADDED from src/main/AndroidManifest.xml:117:13-69
	android:name
		ADDED from src/main/AndroidManifest.xml:116:13-83
activity#com.example.navigationdrawertest.activity.AlbumActivity
ADDED from src/main/AndroidManifest.xml:121:9-125:20
	android:screenOrientation
		ADDED from src/main/AndroidManifest.xml:124:13-50
	android:windowSoftInputMode
		ADDED from src/main/AndroidManifest.xml:123:13-69
	android:name
		ADDED from src/main/AndroidManifest.xml:122:13-83
activity#com.example.navigationdrawertest.activity.PhotoActivity
ADDED from src/main/AndroidManifest.xml:127:9-131:20
	android:screenOrientation
		ADDED from src/main/AndroidManifest.xml:130:13-50
	android:windowSoftInputMode
		ADDED from src/main/AndroidManifest.xml:129:13-69
	android:name
		ADDED from src/main/AndroidManifest.xml:128:13-83
activity#com.example.navigationdrawertest.camera1.CameraActivity
ADDED from src/main/AndroidManifest.xml:133:9-134:51
	android:screenOrientation
		ADDED from src/main/AndroidManifest.xml:134:13-49
	android:name
		ADDED from src/main/AndroidManifest.xml:133:19-57
activity#com.zgy.catchuninstallself.ScrollViewStopTest
ADDED from src/main/AndroidManifest.xml:136:9-139:52
	android:screenOrientation
		ADDED from src/main/AndroidManifest.xml:139:13-50
	android:windowSoftInputMode
		ADDED from src/main/AndroidManifest.xml:138:13-69
	android:name
		ADDED from src/main/AndroidManifest.xml:137:13-73
activity#com.example.navigationdrawertest.activity.MainActivity1
ADDED from src/main/AndroidManifest.xml:140:9-141:52
	android:screenOrientation
		ADDED from src/main/AndroidManifest.xml:141:13-50
	android:name
		ADDED from src/main/AndroidManifest.xml:140:19-89
receiver#com.example.navigationdrawertest.Broadcast.BootBroadcastReceiver
ADDED from src/main/AndroidManifest.xml:143:9-148:14
	android:name
		ADDED from src/main/AndroidManifest.xml:143:19-98
intent-filter#android.intent.action.BOOT_COMPLETED+android.intent.category.HOME
ADDED from src/main/AndroidManifest.xml:144:4-147:20
action#android.intent.action.BOOT_COMPLETED
ADDED from src/main/AndroidManifest.xml:145:4-66
	android:name
		ADDED from src/main/AndroidManifest.xml:145:12-63
category#android.intent.category.HOME
ADDED from src/main/AndroidManifest.xml:146:4-60
	android:name
		ADDED from src/main/AndroidManifest.xml:146:14-57